<?xml version="1.0" encoding="UTF-8"?>
<!-- Generated by org.testng.reporters.JUnitReportReporter -->
<testsuite skipped="0" hostname="LAPTOP-54VNB7BN" name="com.testng.Simple_Annotation" tests="3" failures="0" timestamp="2022-03-29T10:52:08 IST" time="0.013" errors="0">
  <testcase name="womens" time="0.002" classname="com.testng.Simple_Annotation"/>
  <system-out/>
  <testcase name="dress" time="0.008" classname="com.testng.Simple_Annotation"/>
  <system-out/>
  <testcase name="tshirts" time="0.003" classname="com.testng.Simple_Annotation"/>
  <system-out/>
</testsuite> <!-- com.testng.Simple_Annotation -->
