<?xml version="1.0" encoding="UTF-8"?>
<!-- Generated by org.testng.reporters.JUnitReportReporter -->
<testsuite skipped="0" hostname="LAPTOP-54VNB7BN" name="com.testng.Parameter" tests="1" failures="0" timestamp="2022-03-31T14:54:49 IST" time="0.007" errors="0">
  <testcase name="inputData" time="0.007" classname="com.testng.Parameter"/>
  <system-out/>
</testsuite> <!-- com.testng.Parameter -->
