<?xml version="1.0" encoding="UTF-8"?>
<!-- Generated by org.testng.reporters.JUnitReportReporter -->
<testsuite skipped="0" hostname="LAPTOP-54VNB7BN" name="com.testng.Priority" tests="9" failures="0" timestamp="2022-03-29T15:14:42 IST" time="0.014" errors="0">
  <testcase name="ignite" time="0.007" classname="com.testng.Priority"/>
  <system-out/>
  <testcase name="water" time="0.001" classname="com.testng.Priority"/>
  <system-out/>
  <testcase name="Vegetables" time="0.000" classname="com.testng.Priority"/>
  <system-out/>
  <testcase name="maggi" time="0.001" classname="com.testng.Priority"/>
  <system-out/>
  <testcase name="masala" time="0.001" classname="com.testng.Priority"/>
  <system-out/>
  <testcase name="time" time="0.000" classname="com.testng.Priority"/>
  <system-out/>
  <testcase name="off" time="0.001" classname="com.testng.Priority"/>
  <system-out/>
  <testcase name="eat" time="0.001" classname="com.testng.Priority"/>
  <system-out/>
  <testcase name="tasting" time="0.002" classname="com.testng.Priority"/>
  <system-out/>
</testsuite> <!-- com.testng.Priority -->
