<?xml version="1.0" encoding="UTF-8"?>
<!-- Generated by org.testng.reporters.JUnitReportReporter -->
<testsuite skipped="0" hostname="LAPTOP-54VNB7BN" name="com.testng.DataTest" tests="3" failures="0" timestamp="2022-03-31T14:25:23 IST" time="0.005" errors="0">
  <testcase name="dataBase" time="0.004" classname="com.testng.DataTest"/>
  <system-out/>
  <testcase name="dataBase" time="0.001" classname="com.testng.DataTest"/>
  <system-out/>
  <testcase name="dataBase" time="0.000" classname="com.testng.DataTest"/>
  <system-out/>
</testsuite> <!-- com.testng.DataTest -->
