<?xml version="1.0" encoding="UTF-8"?>
<!-- Generated by org.testng.reporters.JUnitReportReporter -->
<testsuite skipped="0" hostname="LAPTOP-54VNB7BN" name="com.testng.Parallel" tests="3" failures="0" timestamp="2022-03-31T14:33:51 IST" time="14.781" errors="0">
  <testcase name="facebook" time="4.293" classname="com.testng.Parallel"/>
  <system-out/>
  <testcase name="instagram" time="5.544" classname="com.testng.Parallel"/>
  <system-out/>
  <testcase name="whtsapp" time="4.944" classname="com.testng.Parallel"/>
  <system-out/>
</testsuite> <!-- com.testng.Parallel -->
