<?xml version="1.0" encoding="UTF-8"?>
<!-- Generated by org.testng.reporters.JUnitReportReporter -->
<testsuite skipped="0" hostname="LAPTOP-54VNB7BN" name="com.testng.Depends_On_Methods" tests="3" failures="0" timestamp="2022-03-29T14:58:32 IST" time="0.009" errors="0">
  <testcase name="username" time="0.008" classname="com.testng.Depends_On_Methods"/>
  <system-out/>
  <testcase name="password" time="0.000" classname="com.testng.Depends_On_Methods"/>
  <system-out/>
  <testcase name="login" time="0.001" classname="com.testng.Depends_On_Methods"/>
  <system-out/>
</testsuite> <!-- com.testng.Depends_On_Methods -->
